<?xml version="1.0" encoding="UTF-8"?>
<testng-results ignored="0" total="1" passed="1" failed="0" skipped="0">
  <reporter-output>
  </reporter-output>
  <suite started-at="2024-05-01T18:36:08 IST" name="Surefire suite" finished-at="2024-05-01T18:36:54 IST" duration-ms="46837">
    <groups>
    </groups>
    <test started-at="2024-05-01T18:36:08 IST" name="Surefire test" finished-at="2024-05-01T18:36:54 IST" duration-ms="46837">
      <class name="com.example.AppTest">
        <test-method is-config="true" signature="setup()[pri:0, instance:com.example.AppTest@794cb805]" started-at="2024-05-01T18:36:08 IST" name="setup" finished-at="2024-05-01T18:36:25 IST" duration-ms="17097" status="PASS">
          <reporter-output>
          </reporter-output>
        </test-method> <!-- setup -->
        <test-method signature="testCase1()[pri:0, instance:com.example.AppTest@794cb805]" started-at="2024-05-01T18:36:25 IST" name="testCase1" finished-at="2024-05-01T18:36:54 IST" duration-ms="28711" status="PASS">
          <reporter-output>
          </reporter-output>
        </test-method> <!-- testCase1 -->
        <test-method is-config="true" signature="quit()[pri:0, instance:com.example.AppTest@794cb805]" started-at="2024-05-01T18:36:54 IST" name="quit" finished-at="2024-05-01T18:36:54 IST" duration-ms="969" status="PASS">
          <reporter-output>
          </reporter-output>
        </test-method> <!-- quit -->
      </class> <!-- com.example.AppTest -->
    </test> <!-- Surefire test -->
  </suite> <!-- Surefire suite -->
</testng-results>
